<?xml version="1.0" encoding="UTF-8"?>
<!-- Generated by org.testng.reporters.JUnitXMLReporter -->
<testsuite hostname="Dell-PC" ignored="14" name="Default test" tests="1" failures="0" timestamp="11 Sep 2020 11:29:08 GMT" time="60.475" errors="0">
  <testcase name="verifyIsLogoVisibilityTest" time="5.367" classname="com.ijmeet.functionaltests.HomePageTestCases"/>
  <testcase name="verifyVideoConferencingTextVisibility" time="0.0" classname="com.ijmeet.functionaltests.HomePageTestCases">
    <ignored/>
  </testcase> <!-- verifyVideoConferencingTextVisibility -->
  <testcase name="verifyHelpAndSupportFooterVisibility" time="0.0" classname="com.ijmeet.functionaltests.HomePageTestCases">
    <ignored/>
  </testcase> <!-- verifyHelpAndSupportFooterVisibility -->
  <testcase name="verifyTrustedByIndustryAcrosssTheWorldTextVisibility" time="0.0" classname="com.ijmeet.functionaltests.HomePageTestCases">
    <ignored/>
  </testcase> <!-- verifyTrustedByIndustryAcrosssTheWorldTextVisibility -->
  <testcase name="verifyIsContactSalesVisibilityTest" time="0.0" classname="com.ijmeet.functionaltests.HomePageTestCases">
    <ignored/>
  </testcase> <!-- verifyIsContactSalesVisibilityTest -->
  <testcase name="verifyWindowsIconVisibilityAndClickabilityTest" time="0.0" classname="com.ijmeet.functionaltests.HomePageTestCases">
    <ignored/>
  </testcase> <!-- verifyWindowsIconVisibilityAndClickabilityTest -->
  <testcase name="verifyIsJoinMeetingVisibilityTest" time="0.0" classname="com.ijmeet.functionaltests.HomePageTestCases">
    <ignored/>
  </testcase> <!-- verifyIsJoinMeetingVisibilityTest -->
  <testcase name="verifyIsSignUpVisibilityTest" time="0.0" classname="com.ijmeet.functionaltests.HomePageTestCases">
    <ignored/>
  </testcase> <!-- verifyIsSignUpVisibilityTest -->
  <testcase name="verifyAndroidIconVisibilityTest" time="0.0" classname="com.ijmeet.functionaltests.HomePageTestCases">
    <ignored/>
  </testcase> <!-- verifyAndroidIconVisibilityTest -->
  <testcase name="verifyIsSignInVisibilityTest" time="0.0" classname="com.ijmeet.functionaltests.HomePageTestCases">
    <ignored/>
  </testcase> <!-- verifyIsSignInVisibilityTest -->
  <testcase name="verifyIjmeetForRemoteTeamColaborationTextVisibility" time="0.0" classname="com.ijmeet.functionaltests.HomePageTestCases">
    <ignored/>
  </testcase> <!-- verifyIjmeetForRemoteTeamColaborationTextVisibility -->
  <testcase name="verifyIsHostMeetingVisibilityTest" time="0.0" classname="com.ijmeet.functionaltests.HomePageTestCases">
    <ignored/>
  </testcase> <!-- verifyIsHostMeetingVisibilityTest -->
  <testcase name="verifyChatMessageTextVisibility" time="0.0" classname="com.ijmeet.functionaltests.HomePageTestCases">
    <ignored/>
  </testcase> <!-- verifyChatMessageTextVisibility -->
  <testcase name="verifyIsArabicVisibilityTest" time="0.0" classname="com.ijmeet.functionaltests.HomePageTestCases">
    <ignored/>
  </testcase> <!-- verifyIsArabicVisibilityTest -->
  <testcase name="verifyAppleIconVisibilityAndClickabilityTest" time="0.0" classname="com.ijmeet.functionaltests.HomePageTestCases">
    <ignored/>
  </testcase> <!-- verifyAppleIconVisibilityAndClickabilityTest -->
</testsuite> <!-- Default test -->
